This is pdfTeX, Version 3.14159265-2.6-1.40.17 (TeX Live 2016) (preloaded format=pdflatex 2016.10.3)  24 FEB 2017 04:35
entering extended mode
 restricted \write18 enabled.
 %&-line parsing enabled.
**report.tex
(./report.tex
LaTeX2e <2016/03/31>
Babel <3.9r> and hyphenation patterns for 83 language(s) loaded.
(/usr/local/texlive/2016/texmf-dist/tex/latex/base/article.cls
Document Class: article 2014/09/29 v1.4h Standard LaTeX document class
(/usr/local/texlive/2016/texmf-dist/tex/latex/base/size10.clo
File: size10.clo 2014/09/29 v1.4h Standard LaTeX file (size option)
)
\c@part=\count79
\c@section=\count80
\c@subsection=\count81
\c@subsubsection=\count82
\c@paragraph=\count83
\c@subparagraph=\count84
\c@figure=\count85
\c@table=\count86
\abovecaptionskip=\skip41
\belowcaptionskip=\skip42
\bibindent=\dimen102
)
(/usr/local/texlive/2016/texmf-dist/tex/latex/base/fontenc.sty
Package: fontenc 2005/09/27 v1.99g Standard LaTeX package

(/usr/local/texlive/2016/texmf-dist/tex/latex/base/t1enc.def
File: t1enc.def 2005/09/27 v1.99g Standard LaTeX file
LaTeX Font Info:    Redeclaring font encoding T1 on input line 48.
))
(/usr/local/texlive/2016/texmf-dist/tex/latex/base/inputenc.sty
Package: inputenc 2015/03/17 v1.2c Input encoding file
\inpenc@prehook=\toks14
\inpenc@posthook=\toks15

(/usr/local/texlive/2016/texmf-dist/tex/latex/base/latin9.def
File: latin9.def 2015/03/17 v1.2c Input encoding file
))
(/usr/local/texlive/2016/texmf-dist/tex/latex/geometry/geometry.sty
Package: geometry 2010/09/12 v5.6 Page Geometry

(/usr/local/texlive/2016/texmf-dist/tex/latex/graphics/keyval.sty
Package: keyval 2014/10/28 v1.15 key=value parser (DPC)
\KV@toks@=\toks16
)
(/usr/local/texlive/2016/texmf-dist/tex/generic/oberdiek/ifpdf.sty
Package: ifpdf 2016/05/14 v3.1 Provides the ifpdf switch
)
(/usr/local/texlive/2016/texmf-dist/tex/generic/oberdiek/ifvtex.sty
Package: ifvtex 2016/05/16 v1.6 Detect VTeX and its facilities (HO)
Package ifvtex Info: VTeX not detected.
)
(/usr/local/texlive/2016/texmf-dist/tex/generic/ifxetex/ifxetex.sty
Package: ifxetex 2010/09/12 v0.6 Provides ifxetex conditional
)
\Gm@cnth=\count87
\Gm@cntv=\count88
\c@Gm@tempcnt=\count89
\Gm@bindingoffset=\dimen103
\Gm@wd@mp=\dimen104
\Gm@odd@mp=\dimen105
\Gm@even@mp=\dimen106
\Gm@layoutwidth=\dimen107
\Gm@layoutheight=\dimen108
\Gm@layouthoffset=\dimen109
\Gm@layoutvoffset=\dimen110
\Gm@dimlist=\toks17
)
(/usr/local/texlive/2016/texmf-dist/tex/latex/amsmath/amsmath.sty
Package: amsmath 2016/03/10 v2.15b AMS math features
\@mathmargin=\skip43

For additional information on amsmath, use the `?' option.
(/usr/local/texlive/2016/texmf-dist/tex/latex/amsmath/amstext.sty
Package: amstext 2000/06/29 v2.01 AMS text

(/usr/local/texlive/2016/texmf-dist/tex/latex/amsmath/amsgen.sty
File: amsgen.sty 1999/11/30 v2.0 generic functions
\@emptytoks=\toks18
\ex@=\dimen111
))
(/usr/local/texlive/2016/texmf-dist/tex/latex/amsmath/amsbsy.sty
Package: amsbsy 1999/11/29 v1.2d Bold Symbols
\pmbraise@=\dimen112
)
(/usr/local/texlive/2016/texmf-dist/tex/latex/amsmath/amsopn.sty
Package: amsopn 2016/03/08 v2.02 operator names
)
\inf@bad=\count90
LaTeX Info: Redefining \frac on input line 199.
\uproot@=\count91
\leftroot@=\count92
LaTeX Info: Redefining \overline on input line 297.
\classnum@=\count93
\DOTSCASE@=\count94
LaTeX Info: Redefining \ldots on input line 394.
LaTeX Info: Redefining \dots on input line 397.
LaTeX Info: Redefining \cdots on input line 518.
\Mathstrutbox@=\box26
\strutbox@=\box27
\big@size=\dimen113
LaTeX Font Info:    Redeclaring font encoding OML on input line 634.
LaTeX Font Info:    Redeclaring font encoding OMS on input line 635.
\macc@depth=\count95
\c@MaxMatrixCols=\count96
\dotsspace@=\muskip10
\c@parentequation=\count97
\dspbrk@lvl=\count98
\tag@help=\toks19
\row@=\count99
\column@=\count100
\maxfields@=\count101
\andhelp@=\toks20
\eqnshift@=\dimen114
\alignsep@=\dimen115
\tagshift@=\dimen116
\tagwidth@=\dimen117
\totwidth@=\dimen118
\lineht@=\dimen119
\@envbody=\toks21
\multlinegap=\skip44
\multlinetaggap=\skip45
\mathdisplay@stack=\toks22
LaTeX Info: Redefining \[ on input line 2739.
LaTeX Info: Redefining \] on input line 2740.
)
(/usr/local/texlive/2016/texmf-dist/tex/latex/graphics/graphicx.sty
Package: graphicx 2014/10/28 v1.0g Enhanced LaTeX Graphics (DPC,SPQR)

(/usr/local/texlive/2016/texmf-dist/tex/latex/graphics/graphics.sty
Package: graphics 2016/05/09 v1.0r Standard LaTeX Graphics (DPC,SPQR)

(/usr/local/texlive/2016/texmf-dist/tex/latex/graphics/trig.sty
Package: trig 2016/01/03 v1.10 sin cos tan (DPC)
)
(/usr/local/texlive/2016/texmf-dist/tex/latex/graphics-cfg/graphics.cfg
File: graphics.cfg 2016/01/02 v1.10 sample graphics configuration
)
Package graphics Info: Driver file: pdftex.def on input line 96.

(/usr/local/texlive/2016/texmf-dist/tex/latex/pdftex-def/pdftex.def
File: pdftex.def 2011/05/27 v0.06d Graphics/color for pdfTeX

(/usr/local/texlive/2016/texmf-dist/tex/generic/oberdiek/infwarerr.sty
Package: infwarerr 2016/05/16 v1.4 Providing info/warning/error messages (HO)
)
(/usr/local/texlive/2016/texmf-dist/tex/generic/oberdiek/ltxcmds.sty
Package: ltxcmds 2016/05/16 v1.23 LaTeX kernel commands for general use (HO)
)
\Gread@gobject=\count102
))
\Gin@req@height=\dimen120
\Gin@req@width=\dimen121
)
(/usr/local/texlive/2016/texmf-dist/tex/latex/algorithms/algorithm.sty
Package: algorithm 2009/08/24 v0.1 Document Style `algorithm' - floating enviro
nment

(/usr/local/texlive/2016/texmf-dist/tex/latex/float/float.sty
Package: float 2001/11/08 v1.3d Float enhancements (AL)
\c@float@type=\count103
\float@exts=\toks23
\float@box=\box28
\@float@everytoks=\toks24
\@floatcapt=\box29
)
(/usr/local/texlive/2016/texmf-dist/tex/latex/base/ifthen.sty
Package: ifthen 2014/09/29 v1.1c Standard LaTeX ifthen package (DPC)
)
\@float@every@algorithm=\toks25
\c@algorithm=\count104
)
(/usr/local/texlive/2016/texmf-dist/tex/latex/algorithmicx/algpseudocode.sty
Package: algpseudocode 

(/usr/local/texlive/2016/texmf-dist/tex/latex/algorithmicx/algorithmicx.sty
Package: algorithmicx 2005/04/27 v1.2 Algorithmicx

Document Style algorithmicx 1.2 - a greatly improved `algorithmic' style
\c@ALG@line=\count105
\c@ALG@rem=\count106
\c@ALG@nested=\count107
\ALG@tlm=\skip46
\ALG@thistlm=\skip47
\c@ALG@Lnr=\count108
\c@ALG@blocknr=\count109
\c@ALG@storecount=\count110
\c@ALG@tmpcounter=\count111
\ALG@tmplength=\skip48
)
Document Style - pseudocode environments for use with the `algorithmicx' style
) (/usr/local/texlive/2016/texmf-dist/tex/latex/psnfss/pifont.sty
Package: pifont 2005/04/12 PSNFSS-v9.2a Pi font support (SPQR) 
LaTeX Font Info:    Try loading font information for U+pzd on input line 63.

(/usr/local/texlive/2016/texmf-dist/tex/latex/psnfss/upzd.fd
File: upzd.fd 2001/06/04 font definitions for U/pzd.
)
LaTeX Font Info:    Try loading font information for U+psy on input line 64.

(/usr/local/texlive/2016/texmf-dist/tex/latex/psnfss/upsy.fd
File: upsy.fd 2001/06/04 font definitions for U/psy.
))
(/usr/local/texlive/2016/texmf-dist/tex/latex/psnfss/courier.sty
Package: courier 2005/04/12 PSNFSS-v9.2a (WaS) 
)
(/usr/local/texlive/2016/texmf-dist/tex/latex/graphics/color.sty
Package: color 2016/05/09 v1.1c Standard LaTeX Color (DPC)

(/usr/local/texlive/2016/texmf-dist/tex/latex/graphics-cfg/color.cfg
File: color.cfg 2016/01/02 v1.6 sample color configuration
)
Package color Info: Driver file: pdftex.def on input line 144.
)
(/usr/local/texlive/2016/texmf-dist/tex/latex/listings/listings.sty
\lst@mode=\count112
\lst@gtempboxa=\box30
\lst@token=\toks26
\lst@length=\count113
\lst@currlwidth=\dimen122
\lst@column=\count114
\lst@pos=\count115
\lst@lostspace=\dimen123
\lst@width=\dimen124
\lst@newlines=\count116
\lst@lineno=\count117
\lst@maxwidth=\dimen125

(/usr/local/texlive/2016/texmf-dist/tex/latex/listings/lstmisc.sty
File: lstmisc.sty 2015/06/04 1.6 (Carsten Heinz)
\c@lstnumber=\count118
\lst@skipnumbers=\count119
\lst@framebox=\box31
)
(/usr/local/texlive/2016/texmf-dist/tex/latex/listings/listings.cfg
File: listings.cfg 2015/06/04 1.6 listings configuration
))
Package: listings 2015/06/04 1.6 (Carsten Heinz)

(/usr/local/texlive/2016/texmf-dist/tex/latex/setspace/setspace.sty
Package: setspace 2011/12/19 v6.7a set line spacing
)
(/usr/local/texlive/2016/texmf-dist/tex/generic/babel/babel.sty
Package: babel 2016/04/23 3.9r The Babel package

(/usr/local/texlive/2016/texmf-dist/tex/generic/babel-english/english.ldf
Language: english 2012/08/20 v3.3p English support from the babel system

(/usr/local/texlive/2016/texmf-dist/tex/generic/babel/babel.def
File: babel.def 2016/04/23 3.9r Babel common definitions
\babel@savecnt=\count120
\U@D=\dimen126
)
\l@canadian = a dialect from \language\l@american 
\l@australian = a dialect from \language\l@british 
\l@newzealand = a dialect from \language\l@british 
))
(./report.aux

LaTeX Warning: Label `fig:eg1' multiply defined.


LaTeX Warning: Label `fig:eg1' multiply defined.


LaTeX Warning: Label `fig:eg1' multiply defined.


LaTeX Warning: Label `fig:eg1' multiply defined.


LaTeX Warning: Label `fig:eg1' multiply defined.


LaTeX Warning: Label `fig:eg1' multiply defined.


LaTeX Warning: Label `fig:eg1' multiply defined.


LaTeX Warning: Label `fig:eg1' multiply defined.


LaTeX Warning: Label `fig:eg1' multiply defined.


LaTeX Warning: Label `fig:eg1' multiply defined.


LaTeX Warning: Label `fig:eg1' multiply defined.

)
\openout1 = `report.aux'.

LaTeX Font Info:    Checking defaults for OML/cmm/m/it on input line 88.
LaTeX Font Info:    ... okay on input line 88.
LaTeX Font Info:    Checking defaults for T1/cmr/m/n on input line 88.
LaTeX Font Info:    ... okay on input line 88.
LaTeX Font Info:    Checking defaults for OT1/cmr/m/n on input line 88.
LaTeX Font Info:    ... okay on input line 88.
LaTeX Font Info:    Checking defaults for OMS/cmsy/m/n on input line 88.
LaTeX Font Info:    ... okay on input line 88.
LaTeX Font Info:    Checking defaults for OMX/cmex/m/n on input line 88.
LaTeX Font Info:    ... okay on input line 88.
LaTeX Font Info:    Checking defaults for U/cmr/m/n on input line 88.
LaTeX Font Info:    ... okay on input line 88.

*geometry* driver: auto-detecting
*geometry* detected driver: pdftex

Package geometry Warning: The marginal notes overrun the paper.
     Add 19.0945pt and more to the right margin.

*geometry* verbose mode - [ preamble ] result:
* driver: pdftex
* paper: a4paper
* layout: <same size as paper>
* layoutoffset:(h,v)=(0.0pt,0.0pt)
* modes: 
* h-part:(L,W,R)=(56.9055pt, 483.69687pt, 56.9055pt)
* v-part:(T,H,B)=(56.9055pt, 731.23584pt, 56.9055pt)
* \paperwidth=597.50787pt
* \paperheight=845.04684pt
* \textwidth=483.69687pt
* \textheight=731.23584pt
* \oddsidemargin=-15.36449pt
* \evensidemargin=-15.36449pt
* \topmargin=-52.36449pt
* \headheight=12.0pt
* \headsep=25.0pt
* \topskip=10.0pt
* \footskip=30.0pt
* \marginparwidth=65.0pt
* \marginparsep=11.0pt
* \columnsep=10.0pt
* \skip\footins=9.0pt plus 4.0pt minus 2.0pt
* \hoffset=0.0pt
* \voffset=0.0pt
* \mag=1000
* \@twocolumnfalse
* \@twosidefalse
* \@mparswitchfalse
* \@reversemarginfalse
* (1in=72.27pt=25.4mm, 1cm=28.453pt)

(/usr/local/texlive/2016/texmf-dist/tex/context/base/mkii/supp-pdf.mkii
[Loading MPS to PDF converter (version 2006.09.02).]
\scratchcounter=\count121
\scratchdimen=\dimen127
\scratchbox=\box32
\nofMPsegments=\count122
\nofMParguments=\count123
\everyMPshowfont=\toks27
\MPscratchCnt=\count124
\MPscratchDim=\dimen128
\MPnumerator=\count125
\makeMPintoPDFobject=\count126
\everyMPtoPDFconversion=\toks28
) (/usr/local/texlive/2016/texmf-dist/tex/generic/oberdiek/pdftexcmds.sty
Package: pdftexcmds 2016/05/10 v0.21 Utility functions of pdfTeX for LuaTeX (HO
)

(/usr/local/texlive/2016/texmf-dist/tex/generic/oberdiek/ifluatex.sty
Package: ifluatex 2016/05/16 v1.4 Provides the ifluatex switch (HO)
Package ifluatex Info: LuaTeX not detected.
)
Package pdftexcmds Info: LuaTeX not detected.
Package pdftexcmds Info: \pdf@primitive is available.
Package pdftexcmds Info: \pdf@ifprimitive is available.
Package pdftexcmds Info: \pdfdraftmode found.
)
(/usr/local/texlive/2016/texmf-dist/tex/latex/oberdiek/epstopdf-base.sty
Package: epstopdf-base 2016/05/15 v2.6 Base part for package epstopdf

(/usr/local/texlive/2016/texmf-dist/tex/latex/oberdiek/grfext.sty
Package: grfext 2016/05/16 v1.2 Manage graphics extensions (HO)

(/usr/local/texlive/2016/texmf-dist/tex/generic/oberdiek/kvdefinekeys.sty
Package: kvdefinekeys 2016/05/16 v1.4 Define keys (HO)
))
(/usr/local/texlive/2016/texmf-dist/tex/latex/oberdiek/kvoptions.sty
Package: kvoptions 2016/05/16 v3.12 Key value format for package options (HO)

(/usr/local/texlive/2016/texmf-dist/tex/generic/oberdiek/kvsetkeys.sty
Package: kvsetkeys 2016/05/16 v1.17 Key value parser (HO)

(/usr/local/texlive/2016/texmf-dist/tex/generic/oberdiek/etexcmds.sty
Package: etexcmds 2016/05/16 v1.6 Avoid name clashes with e-TeX commands (HO)
Package etexcmds Info: Could not find \expanded.
(etexcmds)             That can mean that you are not using pdfTeX 1.50 or
(etexcmds)             that some package has redefined \expanded.
(etexcmds)             In the latter case, load this package earlier.
)))
Package grfext Info: Graphics extension search list:
(grfext)             [.png,.pdf,.jpg,.mps,.jpeg,.jbig2,.jb2,.PNG,.PDF,.JPG,.JPE
G,.JBIG2,.JB2,.eps]
(grfext)             \AppendGraphicsExtensions on input line 456.

(/usr/local/texlive/2016/texmf-dist/tex/latex/latexconfig/epstopdf-sys.cfg
File: epstopdf-sys.cfg 2010/07/13 v1.3 Configuration of (r)epstopdf for TeX Liv
e
))
\c@lstlisting=\count127

(./report.toc [1

{/usr/local/texlive/2016/texmf-var/fonts/map/pdftex/updmap/pdftex.map}])
\tf@toc=\write3
\openout3 = `report.toc'.

LaTeX Font Info:    Try loading font information for OMS+cmr on input line 105.

 (/usr/local/texlive/2016/texmf-dist/tex/latex/base/omscmr.fd
File: omscmr.fd 2014/09/29 v2.5h Standard LaTeX font definitions
)
LaTeX Font Info:    Font shape `OMS/cmr/m/n' in size <10> not available
(Font)              Font shape `OMS/cmsy/m/n' tried instead on input line 105.

[2] [3] <epsilon_greedy_average_reward.png, id=32, 1156.32pt x 644.6484pt>
File: epsilon_greedy_average_reward.png Graphic file (type png)

<use epsilon_greedy_average_reward.png>
Package pdftex.def Info: epsilon_greedy_average_reward.png used on input line 2
00.
(pdftex.def)             Requested size: 483.69687pt x 269.65863pt.
 [4]
<epsilon_greedy_optimal_action.png, id=37, 1153.4292pt x 644.6484pt>
File: epsilon_greedy_optimal_action.png Graphic file (type png)

<use epsilon_greedy_optimal_action.png>
Package pdftex.def Info: epsilon_greedy_optimal_action.png used on input line 2
06.
(pdftex.def)             Requested size: 483.69687pt x 270.33734pt.

<softmax_average_reward.png, id=38, 1156.32pt x 644.6484pt>
File: softmax_average_reward.png Graphic file (type png)

<use softmax_average_reward.png>
Package pdftex.def Info: softmax_average_reward.png used on input line 213.
(pdftex.def)             Requested size: 483.69687pt x 269.65863pt.
 [5 <./epsilon_greedy_average_reward.png> <./epsilon_greedy_optimal_action.png>
]
<softmax_optimal_action.png, id=44, 1156.32pt x 644.6484pt>
File: softmax_optimal_action.png Graphic file (type png)

<use softmax_optimal_action.png>
Package pdftex.def Info: softmax_optimal_action.png used on input line 219.
(pdftex.def)             Requested size: 483.69687pt x 269.65863pt.

<compare_ucb_10_arms_average_reward.png, id=45, 1156.32pt x 644.6484pt>
File: compare_ucb_10_arms_average_reward.png Graphic file (type png)

<use compare_ucb_10_arms_average_reward.png>
Package pdftex.def Info: compare_ucb_10_arms_average_reward.png used on input l
ine 226.
(pdftex.def)             Requested size: 483.69687pt x 269.65863pt.
 [6 <./softmax_average_reward.png> <./softmax_optimal_action.png>]
<compare_ucb_10_arms_optimal_action.png, id=51, 1154.8746pt x 644.6484pt>
File: compare_ucb_10_arms_optimal_action.png Graphic file (type png)

<use compare_ucb_10_arms_optimal_action.png>
Package pdftex.def Info: compare_ucb_10_arms_optimal_action.png used on input l
ine 232.
(pdftex.def)             Requested size: 483.69687pt x 270.0029pt.

<compare_ucb_1000_arms_1000_steps_average_reward.png, id=52, 578.16pt x 433.62p
t>
File: compare_ucb_1000_arms_1000_steps_average_reward.png Graphic file (type pn
g)
 <use compare_ucb_1000_arms_1000_steps_average_reward.png>
Package pdftex.def Info: compare_ucb_1000_arms_1000_steps_average_reward.png us
ed on input line 240.
(pdftex.def)             Requested size: 483.69687pt x 362.76945pt.
 [7 <./compare_ucb_10_arms_average_reward.png> <./compare_ucb_10_arms_optimal_a
ction.png>]
<compare_ucb_1000_arms_1000_steps_optimal_action.png, id=59, 578.16pt x 433.62p
t>
File: compare_ucb_1000_arms_1000_steps_optimal_action.png Graphic file (type pn
g)
 <use compare_ucb_1000_arms_1000_steps_optimal_action.png>
Package pdftex.def Info: compare_ucb_1000_arms_1000_steps_optimal_action.png us
ed on input line 246.
(pdftex.def)             Requested size: 483.69687pt x 362.76945pt.
 [8 <./compare_ucb_1000_arms_1000_steps_average_reward.png>]
<compare_ucb_1000_arms_10000_steps_average_reward.png, id=64, 1156.32pt x 644.6
484pt>
File: compare_ucb_1000_arms_10000_steps_average_reward.png Graphic file (type p
ng)
 <use compare_ucb_1000_arms_10000_steps_average_reward.png>
Package pdftex.def Info: compare_ucb_1000_arms_10000_steps_average_reward.png u
sed on input line 253.
(pdftex.def)             Requested size: 483.69687pt x 269.65863pt.
 [9 <./compare_ucb_1000_arms_1000_steps_optimal_action.png>]
<compare_ucb_1000_arms_10000_steps_optimal_action.png, id=69, 1156.32pt x 644.6
484pt>
File: compare_ucb_1000_arms_10000_steps_optimal_action.png Graphic file (type p
ng)
 <use compare_ucb_1000_arms_10000_steps_optimal_action.png>
Package pdftex.def Info: compare_ucb_1000_arms_10000_steps_optimal_action.png u
sed on input line 259.
(pdftex.def)             Requested size: 483.69687pt x 269.65863pt.

<compare_ucb_1000_arms_20000_steps_average_reward.png, id=70, 1154.1519pt x 644
.6484pt>
File: compare_ucb_1000_arms_20000_steps_average_reward.png Graphic file (type p
ng)
 <use compare_ucb_1000_arms_20000_steps_average_reward.png>
Package pdftex.def Info: compare_ucb_1000_arms_20000_steps_average_reward.png u
sed on input line 266.
(pdftex.def)             Requested size: 483.69687pt x 270.17012pt.
 [10 <./compare_ucb_1000_arms_10000_steps_average_reward.png> <./compare_ucb_10
00_arms_10000_steps_optimal_action.png>]
<compare_ucb_1000_arms_20000_steps_optimal_action.png, id=76, 1156.32pt x 644.6
484pt>
File: compare_ucb_1000_arms_20000_steps_optimal_action.png Graphic file (type p
ng)
 <use compare_ucb_1000_arms_20000_steps_optimal_action.png>
Package pdftex.def Info: compare_ucb_1000_arms_20000_steps_optimal_action.png u
sed on input line 272.
(pdftex.def)             Requested size: 483.69687pt x 269.65863pt.
 [11 <./compare_ucb_1000_arms_20000_steps_average_reward.png> <./compare_ucb_10
00_arms_20000_steps_optimal_action.png>] [12] [13]
LaTeX Font Info:    Try loading font information for T1+pcr on input line 334.

(/usr/local/texlive/2016/texmf-dist/tex/latex/psnfss/t1pcr.fd
File: t1pcr.fd 2001/06/04 font definitions for T1/pcr.
) (../bandit.py
LaTeX Font Info:    Font shape `T1/pcr/bx/n' in size <9> not available
(Font)              Font shape `T1/pcr/b/n' tried instead on input line 2.

[14]) (../simulateBandit.py) [15] (../epsilonGreedy.py) (../softmax.py [16])
(../ucb.py [17]) [18] (./report.aux)

LaTeX Warning: There were multiply-defined labels.

 ) 
Here is how much of TeX's memory you used:
 6224 strings out of 493014
 84719 string characters out of 6133351
 292279 words of memory out of 5000000
 9618 multiletter control sequences out of 15000+600000
 19548 words of font info for 49 fonts, out of 8000000 for 9000
 1141 hyphenation exceptions out of 8191
 38i,7n,40p,1363b,1749s stack positions out of 5000i,500n,10000p,200000b,80000s
{/usr/local/texlive/2016/texmf-dist/fonts/enc/dvips/base/8r.enc}{/usr/local/t
exlive/2016/texmf-dist/fonts/enc/dvips/cm-super/cm-super-t1.enc}</usr/local/tex
live/2016/texmf-dist/fonts/type1/public/amsfonts/cm/cmex10.pfb></usr/local/texl
ive/2016/texmf-dist/fonts/type1/public/amsfonts/cm/cmmi10.pfb></usr/local/texli
ve/2016/texmf-dist/fonts/type1/public/amsfonts/cm/cmmi12.pfb></usr/local/texliv
e/2016/texmf-dist/fonts/type1/public/amsfonts/cm/cmmi5.pfb></usr/local/texlive/
2016/texmf-dist/fonts/type1/public/amsfonts/cm/cmmi7.pfb></usr/local/texlive/20
16/texmf-dist/fonts/type1/public/amsfonts/cm/cmr10.pfb></usr/local/texlive/2016
/texmf-dist/fonts/type1/public/amsfonts/cm/cmr7.pfb></usr/local/texlive/2016/te
xmf-dist/fonts/type1/public/amsfonts/cm/cmsy10.pfb></usr/local/texlive/2016/tex
mf-dist/fonts/type1/public/amsfonts/cm/cmsy7.pfb></usr/local/texlive/2016/texmf
-dist/fonts/type1/public/cm-super/sfbx1000.pfb></usr/local/texlive/2016/texmf-d
ist/fonts/type1/public/cm-super/sfbx1200.pfb></usr/local/texlive/2016/texmf-dis
t/fonts/type1/public/cm-super/sfbx1440.pfb></usr/local/texlive/2016/texmf-dist/
fonts/type1/public/cm-super/sfbx1728.pfb></usr/local/texlive/2016/texmf-dist/fo
nts/type1/public/cm-super/sfcc1000.pfb></usr/local/texlive/2016/texmf-dist/font
s/type1/public/cm-super/sfrm0800.pfb></usr/local/texlive/2016/texmf-dist/fonts/
type1/public/cm-super/sfrm1000.pfb></usr/local/texlive/2016/texmf-dist/fonts/ty
pe1/public/cm-super/sfrm1200.pfb></usr/local/texlive/2016/texmf-dist/fonts/type
1/public/cm-super/sfrm1728.pfb></usr/local/texlive/2016/texmf-dist/fonts/type1/
public/cm-super/sfti1200.pfb></usr/local/texlive/2016/texmf-dist/fonts/type1/ur
w/courier/ucrb8a.pfb></usr/local/texlive/2016/texmf-dist/fonts/type1/urw/courie
r/ucrr8a.pfb></usr/local/texlive/2016/texmf-dist/fonts/type1/urw/courier/ucrro8
a.pfb></usr/local/texlive/2016/texmf-dist/fonts/type1/urw/symbol/usyr.pfb>
Output written on report.pdf (18 pages, 1482176 bytes).
PDF statistics:
 182 PDF objects out of 1000 (max. 8388607)
 113 compressed objects within 2 object streams
 0 named destinations out of 1000 (max. 500000)
 61 words of extra memory for PDF output out of 10000 (max. 10000000)

